----
2026-04-11 14:20:06
args: 
----
2026-04-11 14:24:01
args: 
----
2026-04-11 14:26:19
args: 
----
2026-04-11 14:39:56
args: 
----
2026-04-11 14:51:28
args: 
----
2026-04-12 16:40:04
args: 
----
2026-04-12 16:41:40
args: 
-----
2026-04-12 17:24:55
args: 
-----
2026-04-12 17:49:16
drop: ["00678768_20263912_0104.csv"]
  copied to inbox: 00678768_20263912_0104.csv
  1 CSV(s) queued — launchd watcher will process shortly
-----
2026-04-12 18:02:43
drop: ["00678768_20263912_0104.csv"]
  copied to inbox: 00678768_20263912_0104.csv
  1 CSV(s) queued — launchd watcher will process shortly
