2026-04-12 19:04:56,480 INFO Building learning map from existing categories...
2026-04-12 19:04:56,624 INFO Learning map: 134 unique description->category mappings
2026-04-12 19:04:56,992 INFO Found 9436 rows with blank Category column
2026-04-12 19:04:57,078 INFO Will fill 761 of 9436 blank rows (8675 left blank)
2026-04-12 19:04:57,732 INFO Backed up workbook -> Banking Transactions Live.20260412_190457.xlsm
2026-04-12 19:04:57,955 INFO Filled 761 category cells:
2026-04-12 19:04:57,955 INFO   Food Shopping             250 rows
2026-04-12 19:04:57,956 INFO   Amazon                    242 rows
2026-04-12 19:04:57,956 INFO   Amazon Shopping           112 rows
2026-04-12 19:04:57,956 INFO   Adam                      85 rows
2026-04-12 19:04:57,956 INFO   Diesel                    42 rows
2026-04-12 19:04:57,957 INFO   Wine                      7 rows
2026-04-12 19:04:57,957 INFO   Alana                     5 rows
2026-04-12 19:04:57,957 INFO   Apple Hardware            5 rows
2026-04-12 19:04:57,957 INFO   Takeaway                  4 rows
2026-04-12 19:04:57,957 INFO   La Cigale                 2 rows
2026-04-12 19:04:57,958 INFO   Lotto                     2 rows
2026-04-12 19:04:57,958 INFO   Next                      2 rows
2026-04-12 19:04:57,958 INFO   Internet                  1 rows
2026-04-12 19:04:57,958 INFO   Prime Video               1 rows
2026-04-12 19:04:57,958 INFO   Credit Card               1 rows
