2026-04-12 19:03:31,153 INFO Building learning map from existing categories...
2026-04-12 19:03:31,298 INFO Learning map: 134 unique description->category mappings
2026-04-12 19:03:31,298 INFO --- Learning map categories (by # of distinct descriptions) ---
2026-04-12 19:03:31,299 INFO   Takeaway                  28 descriptions
2026-04-12 19:03:31,299 INFO   Food Shopping             21 descriptions
2026-04-12 19:03:31,299 INFO   Diesel                    14 descriptions
2026-04-12 19:03:31,300 INFO   Amazon Shopping           10 descriptions
2026-04-12 19:03:31,300 INFO   Next                      8 descriptions
2026-04-12 19:03:31,300 INFO   Sky TV                    8 descriptions
2026-04-12 19:03:31,300 INFO   Apple Hardware            4 descriptions
2026-04-12 19:03:31,301 INFO   Lotto                     4 descriptions
2026-04-12 19:03:31,301 INFO   Gas / Electric            4 descriptions
2026-04-12 19:03:31,301 INFO   DIY                       4 descriptions
2026-04-12 19:03:31,301 INFO   Wine                      3 descriptions
2026-04-12 19:03:31,302 INFO   Credit Card               3 descriptions
2026-04-12 19:03:31,302 INFO   Prime Video               3 descriptions
2026-04-12 19:03:31,302 INFO   Dentist                   2 descriptions
2026-04-12 19:03:31,302 INFO   Ron Mobile                2 descriptions
2026-04-12 19:03:31,303 INFO   Internet                  2 descriptions
2026-04-12 19:03:31,303 INFO   Car Service               2 descriptions
2026-04-12 19:03:31,303 INFO   Amazon Music              2 descriptions
2026-04-12 19:03:31,303 INFO   Adam                      1 descriptions
2026-04-12 19:03:31,304 INFO   TV Licence                1 descriptions
2026-04-12 19:03:31,304 INFO   Alana                     1 descriptions
2026-04-12 19:03:31,304 INFO   La Cigale                 1 descriptions
2026-04-12 19:03:31,304 INFO   Council Tax               1 descriptions
2026-04-12 19:03:31,304 INFO   Gardner                   1 descriptions
2026-04-12 19:03:31,305 INFO   Car Purchase              1 descriptions
2026-04-12 19:03:31,305 INFO   Life Insurance            1 descriptions
2026-04-12 19:03:31,305 INFO   Cash Machine              1 descriptions
2026-04-12 19:03:31,306 INFO   Amazon Prime              1 descriptions
