2026-04-12 19:03:21,215 INFO Building learning map from existing categories...
2026-04-12 19:03:21,361 INFO Learning map: 134 unique description->category mappings
2026-04-12 19:03:21,725 INFO Found 9436 rows with blank Category column
2026-04-12 19:03:21,815 INFO Will fill 761 of 9436 blank rows (8675 left blank)
2026-04-12 19:03:21,816 INFO --- Dry run preview (first 20) ---
2026-04-12 19:03:21,816 INFO   Row 2: ALANA -> Alana
2026-04-12 19:03:21,816 INFO   Row 3: CRAIG ADAMS -> Adam
2026-04-12 19:03:21,817 INFO   Row 12: LA CIGALE HOTEL -> La Cigale
2026-04-12 19:03:21,817 INFO   Row 15: LA CIGALE HOTEL -> La Cigale
2026-04-12 19:03:21,817 INFO   Row 17: ADAM NIDDRIE -> Adam
2026-04-12 19:03:21,817 INFO   Row 18: VODAFONE LTD -> Internet
2026-04-12 19:03:21,818 INFO   Row 21: POSTCODE LOTTERY -> Lotto
2026-04-12 19:03:21,818 INFO   Row 31: ALANA -> Alana
2026-04-12 19:03:21,818 INFO   Row 32: TESCO GROCERY -> Food Shopping
2026-04-12 19:03:21,818 INFO   Row 41: ALANA -> Alana
2026-04-12 19:03:21,819 INFO   Row 42: MARKS&SPENCER PLC -> Food Shopping
2026-04-12 19:03:21,819 INFO   Row 44: MARKS&SPENCER PLC -> Food Shopping
2026-04-12 19:03:21,819 INFO   Row 45: NEXT RETAIL LTD -> Next
2026-04-12 19:03:21,819 INFO   Row 54: Just Eat -> Takeaway
2026-04-12 19:03:21,820 INFO   Row 55: MARKS&SPENCER PLC -> Food Shopping
2026-04-12 19:03:21,820 INFO   Row 56: MARKS&SPENCER PLC -> Food Shopping
2026-04-12 19:03:21,820 INFO   Row 57: MARKS&SPENCER PLC -> Food Shopping
2026-04-12 19:03:21,820 INFO   Row 58: ALLWYN ENT LTD -> Lotto
2026-04-12 19:03:21,820 INFO   Row 60: APPLE.COM/BILL -> Apple Hardware
2026-04-12 19:03:21,821 INFO   Row 61: Just Eat -> Takeaway
2026-04-12 19:03:21,821 INFO   ... and 741 more
2026-04-12 19:03:21,822 INFO --- Category breakdown ---
2026-04-12 19:03:21,822 INFO   Food Shopping             250 rows
2026-04-12 19:03:21,822 INFO   Amazon                    242 rows
2026-04-12 19:03:21,823 INFO   Amazon Shopping           112 rows
2026-04-12 19:03:21,823 INFO   Adam                      85 rows
2026-04-12 19:03:21,823 INFO   Diesel                    42 rows
2026-04-12 19:03:21,824 INFO   Wine                      7 rows
2026-04-12 19:03:21,824 INFO   Alana                     5 rows
2026-04-12 19:03:21,824 INFO   Apple Hardware            5 rows
2026-04-12 19:03:21,824 INFO   Takeaway                  4 rows
2026-04-12 19:03:21,825 INFO   La Cigale                 2 rows
2026-04-12 19:03:21,825 INFO   Lotto                     2 rows
2026-04-12 19:03:21,825 INFO   Next                      2 rows
2026-04-12 19:03:21,825 INFO   Internet                  1 rows
2026-04-12 19:03:21,826 INFO   Prime Video               1 rows
2026-04-12 19:03:21,826 INFO   Credit Card               1 rows
